Arguments: 
  C:\Program Files\nodejs\node.exe C:\Users\Shaheen\AppData\Roaming\npm\node_modules\yarn\bin\yarn.js install

PATH: 
  C:\Users\Shaheen\bin;C:\Program Files\Git\mingw64\bin;C:\Program Files\Git\usr\local\bin;C:\Program Files\Git\usr\bin;C:\Program Files\Git\usr\bin;C:\Program Files\Git\mingw64\bin;C:\Program Files\Git\usr\bin;C:\Users\Shaheen\bin;C:\ProgramData\Oracle\Java\javapath;C:\Program Files\Java\jdk-11.0.8\bin;C:\ProgramData\Oracle\Java\javapath;C:\Program Files\Java\jdk-11.0.8\bin;C:\ProgramData\Oracle\Java\javapath;C:\Program Files\Java\jdk-11.0.8\bin;C:\Windows\System32;C:\Windows;C:\Windows\system32;C:\Windows\System32\WindowsPowerShell\v1.0;C:\Program Files\Git\cmd;C:\Program Files\nodejs;C:\Users\Shaheen\Downloads\Pluralsight\edgedriver_win64;C:\Windows;C:\Windows\system32;C:\Windows\System32\WindowsPowerShell\v1.0;C:\Program Files\Git\cmd;C:\Program Files\nodejs;C:\Users\Shaheen\Downloads\Pluralsight\edgedriver_win64;C:\Windows;C:\Windows\system32;C:\Windows\System32\WindowsPowerShell\v1.0;C:\Program Files\Git\cmd;C:\Program Files\nodejs;C:\Users\Shaheen\Downloads\Pluralsight\edgedriver_win64;C:\Users\Shaheen\AppData\Local\Programs\Python\Python36-32\Scripts;C:\Users\Shaheen\AppData\Local\Programs\Python\Python36-32;C:\Users\Shaheen\AppData\Local\Microsoft\WindowsApps;C:\Program Files\JetBrains\PyCharm Community Edition 2019.3.4\bin;C:\Program Files\JetBrains\WebStorm 2019.1.3\bin;C:\Program Files\nodejs;C:\Windows\System32\WindowsPowerShell\v1.0;C:\Users\Shaheen\AppData\Local\hyper\app-3.0.2\resources\bin;C:\Users\Shaheen\AppData\Local\Programs\Microsoft VS Code\bin;C:\Users\Shaheen\AppData\Roaming\npm;C:\Program Files\heroku\bin;C:\Program Files\MongoDB\Server\5.0\bin;C:\Program Files\Git\usr\bin\vendor_perl;C:\Program Files\Git\usr\bin\core_perl

Yarn version: 
  1.22.10

Node version: 
  14.15.4

Platform: 
  win32 x64

Trace: 
  Error: getaddrinfo ENOTFOUND registry.npmjs.org
      at GetAddrInfoReqWrap.onlookup [as oncomplete] (dns.js:67:26)

npm manifest: 
  {
    "name": "chat",
    "version": "1.0.0",
    "main": "app.js",
    "license": "MIT",
    "scripts": {
      "start": "nodemon app.js",
      "prod": "NODE_ENV=production node app.js",
      "test": "echo \"Error: no test specified\" && exit 1"
    },
    "author": "",
    "description": "",
    "dependencies": {
      "bcrypt": "^5.0.1",
      "config": "^3.3.6",
      "connect-flash": "^0.1.1",
      "connect-mongodb-session": "^2.4.1",
      "cookie-parser": "^1.4.5",
      "dotenv": "^10.0.0",
      "ejs": "^3.1.6",
      "express": "^4.17.1",
      "express-session": "^1.17.2",
      "express-validator": "^6.12.0",
      "http-errors": "^1.8.0",
      "jsonwebtoken": "^8.5.1",
      "mongoose": "^5.13.2",
      "morgan": "^1.10.0",
      "multer": "^1.4.2",
      "nodemon": "^2.0.0"
    },
    "devDependencies": {}
  }

yarn manifest: 
  No manifest

Lockfile: 
  No lockfile
